<?xml version="1.0" encoding="UTF-8"?>
<!-- Generated by org.testng.reporters.JUnitXMLReporter -->
<testsuite hostname="LAPTOP-7D8PU3ED" failures="0" tests="3" name="Test" time="21.628" errors="0" timestamp="16 Oct 2020 09:28:10 GMT">
  <testcase classname="Framework.validateTitle" name="basePageNavigation" time="5.005"/>
  <testcase classname="Framework.validateHomeMap" name="basePageNavigation" time="3.409"/>
  <testcase classname="Framework.HomePage" name="basePageNavigation" time="3.611"/>
</testsuite> <!-- Test -->
