<?xml version="1.0" encoding="UTF-8"?>
<!-- Generated by org.testng.reporters.JUnitXMLReporter -->
<testsuite hostname="LAPTOP-7D8PU3ED" failures="0" tests="3" name="Test" time="18.359" errors="0" timestamp="16 Oct 2020 09:52:07 GMT">
  <testcase classname="Framework.validateTitle" name="basePageNavigation" time="1.073"/>
  <testcase classname="Framework.validateHomeMap" name="basePageNavigation" time="2.578"/>
  <testcase classname="Framework.HomePage" name="basePageNavigation" time="5.133"/>
</testsuite> <!-- Test -->
