<?xml version="1.0" encoding="UTF-8"?>
<testng-results total="3" passed="3" failed="0" skipped="0">
  <reporter-output>
  </reporter-output>
  <suite started-at="2020-10-16T09:51:48Z" name="Suite" finished-at="2020-10-16T09:52:07Z" duration-ms="18359">
    <groups>
    </groups>
    <test started-at="2020-10-16T09:51:48Z" name="Test" finished-at="2020-10-16T09:52:07Z" duration-ms="18359">
      <class name="Framework.HomePage">
        <test-method is-config="true" signature="initialize()[pri:0, instance:Framework.HomePage@781f10f2]" started-at="2020-10-16T10:51:48Z" name="initialize" finished-at="2020-10-16T10:51:52Z" duration-ms="3332" status="PASS">
          <reporter-output>
          </reporter-output>
        </test-method> <!-- initialize -->
        <test-method is-config="true" signature="initialize()[pri:0, instance:Framework.validateHomeMap@2a79d4b1]" started-at="2020-10-16T10:51:52Z" name="initialize" finished-at="2020-10-16T10:51:55Z" duration-ms="3058" status="PASS">
          <reporter-output>
          </reporter-output>
        </test-method> <!-- initialize -->
        <test-method is-config="true" signature="initialize()[pri:0, instance:Framework.validateTitle@5f7b97da]" started-at="2020-10-16T10:51:55Z" name="initialize" finished-at="2020-10-16T10:51:58Z" duration-ms="3022" status="PASS">
          <reporter-output>
          </reporter-output>
        </test-method> <!-- initialize -->
        <test-method signature="basePageNavigation(java.lang.String, java.lang.String)[pri:0, instance:Framework.HomePage@781f10f2]" started-at="2020-10-16T10:52:02Z" name="basePageNavigation" data-provider="getUsers" finished-at="2020-10-16T10:52:07Z" duration-ms="5133" status="PASS">
          <params>
            <param index="0">
              <value>
                <![CDATA[username@gmail.com]]>
              </value>
            </param>
            <param index="1">
              <value>
                <![CDATA[password]]>
              </value>
            </param>
          </params>
          <reporter-output>
          </reporter-output>
        </test-method> <!-- basePageNavigation -->
        <test-method is-config="true" signature="teardown()[pri:0, instance:Framework.HomePage@781f10f2]" started-at="2020-10-16T10:52:07Z" name="teardown" finished-at="2020-10-16T10:52:07Z" duration-ms="40" status="PASS">
          <reporter-output>
          </reporter-output>
        </test-method> <!-- teardown -->
        <test-method is-config="true" signature="teardown()[pri:0, instance:Framework.validateHomeMap@2a79d4b1]" started-at="2020-10-16T10:52:07Z" name="teardown" finished-at="2020-10-16T10:52:07Z" duration-ms="49" status="PASS">
          <reporter-output>
          </reporter-output>
        </test-method> <!-- teardown -->
        <test-method is-config="true" signature="teardown()[pri:0, instance:Framework.validateTitle@5f7b97da]" started-at="2020-10-16T10:52:07Z" name="teardown" finished-at="2020-10-16T10:52:07Z" duration-ms="68" status="PASS">
          <reporter-output>
          </reporter-output>
        </test-method> <!-- teardown -->
      </class> <!-- Framework.HomePage -->
      <class name="Framework.validateHomeMap">
        <test-method signature="basePageNavigation()[pri:0, instance:Framework.validateHomeMap@2a79d4b1]" started-at="2020-10-16T10:51:59Z" name="basePageNavigation" finished-at="2020-10-16T10:52:02Z" duration-ms="2578" status="PASS">
          <reporter-output>
          </reporter-output>
        </test-method> <!-- basePageNavigation -->
      </class> <!-- Framework.validateHomeMap -->
      <class name="Framework.validateTitle">
        <test-method signature="basePageNavigation()[pri:0, instance:Framework.validateTitle@5f7b97da]" started-at="2020-10-16T10:51:58Z" name="basePageNavigation" finished-at="2020-10-16T10:51:59Z" duration-ms="1073" status="PASS">
          <reporter-output>
          </reporter-output>
        </test-method> <!-- basePageNavigation -->
      </class> <!-- Framework.validateTitle -->
    </test> <!-- Test -->
  </suite> <!-- Suite -->
</testng-results>
